[0.483s] DEBUG:colcon:Command line arguments: ['/home/devpatel/.local/bin/colcon', 'build', '--symlink-install']
[0.484s] DEBUG:colcon:Parsed command line arguments: Namespace(log_base=None, log_level=None, verb_name='build', build_base='build', install_base='install', merge_install=False, symlink_install=True, test_result_base=None, continue_on_error=False, executor='parallel', parallel_workers=4, event_handlers=None, ignore_user_meta=False, metas=['./colcon.meta'], base_paths=['.'], packages_ignore=None, packages_ignore_regex=None, paths=None, packages_up_to=None, packages_up_to_regex=None, packages_above=None, packages_above_and_dependencies=None, packages_above_depth=None, packages_select_by_dep=None, packages_skip_by_dep=None, packages_skip_up_to=None, packages_select_build_failed=False, packages_skip_build_finished=False, packages_select_test_failures=False, packages_skip_test_passed=False, packages_select=None, packages_skip=None, packages_select_regex=None, packages_skip_regex=None, packages_start=None, packages_end=None, allow_overriding=[], cmake_args=None, cmake_target=None, cmake_target_skip_unavailable=False, cmake_clean_cache=False, cmake_clean_first=False, cmake_force_configure=False, ament_cmake_args=None, catkin_cmake_args=None, catkin_skip_building_tests=False, verb_parser=<colcon_defaults.argument_parser.defaults.DefaultArgumentsDecorator object at 0xffff9a36e020>, verb_extension=<colcon_core.verb.build.BuildVerb object at 0xffff9a51f490>, main=<bound method BuildVerb.main of <colcon_core.verb.build.BuildVerb object at 0xffff9a51f490>>)
[1.016s] Level 1:colcon.colcon_core.package_discovery:discover_packages(colcon_meta) check parameters
[1.016s] Level 1:colcon.colcon_core.package_discovery:discover_packages(recursive) check parameters
[1.016s] Level 1:colcon.colcon_core.package_discovery:discover_packages(ignore) check parameters
[1.016s] Level 1:colcon.colcon_core.package_discovery:discover_packages(path) check parameters
[1.016s] Level 1:colcon.colcon_core.package_discovery:discover_packages(colcon_meta) discover
[1.017s] Level 1:colcon.colcon_core.package_discovery:discover_packages(recursive) discover
[1.017s] INFO:colcon.colcon_core.package_discovery:Crawling recursively for packages in '/home/devpatel/crowd_nav_ws'
[1.017s] Level 1:colcon.colcon_core.package_identification:_identify(.) by extensions ['ignore', 'ignore_ament_install']
[1.018s] Level 1:colcon.colcon_core.package_identification:_identify(.) by extension 'ignore'
[1.018s] Level 1:colcon.colcon_core.package_identification:_identify(.) by extension 'ignore_ament_install'
[1.018s] Level 1:colcon.colcon_core.package_identification:_identify(.) by extensions ['colcon_pkg']
[1.018s] Level 1:colcon.colcon_core.package_identification:_identify(.) by extension 'colcon_pkg'
[1.018s] Level 1:colcon.colcon_core.package_identification:_identify(.) by extensions ['colcon_meta']
[1.018s] Level 1:colcon.colcon_core.package_identification:_identify(.) by extension 'colcon_meta'
[1.018s] Level 1:colcon.colcon_core.package_identification:_identify(.) by extensions ['ros']
[1.019s] Level 1:colcon.colcon_core.package_identification:_identify(.) by extension 'ros'
[1.054s] Level 1:colcon.colcon_core.package_identification:_identify(.) by extensions ['cmake', 'python']
[1.055s] Level 1:colcon.colcon_core.package_identification:_identify(.) by extension 'cmake'
[1.055s] Level 1:colcon.colcon_core.package_identification:_identify(.) by extension 'python'
[1.055s] Level 1:colcon.colcon_core.package_identification:_identify(.) by extensions ['python_setup_py']
[1.055s] Level 1:colcon.colcon_core.package_identification:_identify(.) by extension 'python_setup_py'
[1.056s] Level 1:colcon.colcon_core.package_identification:_identify(build) by extensions ['ignore', 'ignore_ament_install']
[1.056s] Level 1:colcon.colcon_core.package_identification:_identify(build) by extension 'ignore'
[1.056s] Level 1:colcon.colcon_core.package_identification:_identify(build) ignored
[1.057s] Level 1:colcon.colcon_core.package_identification:_identify(install) by extensions ['ignore', 'ignore_ament_install']
[1.057s] Level 1:colcon.colcon_core.package_identification:_identify(install) by extension 'ignore'
[1.057s] Level 1:colcon.colcon_core.package_identification:_identify(install) ignored
[1.057s] Level 1:colcon.colcon_core.package_identification:_identify(log) by extensions ['ignore', 'ignore_ament_install']
[1.058s] Level 1:colcon.colcon_core.package_identification:_identify(log) by extension 'ignore'
[1.058s] Level 1:colcon.colcon_core.package_identification:_identify(log) ignored
[1.058s] Level 1:colcon.colcon_core.package_identification:_identify(src) by extensions ['ignore', 'ignore_ament_install']
[1.058s] Level 1:colcon.colcon_core.package_identification:_identify(src) by extension 'ignore'
[1.059s] Level 1:colcon.colcon_core.package_identification:_identify(src) by extension 'ignore_ament_install'
[1.059s] Level 1:colcon.colcon_core.package_identification:_identify(src) by extensions ['colcon_pkg']
[1.059s] Level 1:colcon.colcon_core.package_identification:_identify(src) by extension 'colcon_pkg'
[1.059s] Level 1:colcon.colcon_core.package_identification:_identify(src) by extensions ['colcon_meta']
[1.059s] Level 1:colcon.colcon_core.package_identification:_identify(src) by extension 'colcon_meta'
[1.059s] Level 1:colcon.colcon_core.package_identification:_identify(src) by extensions ['ros']
[1.059s] Level 1:colcon.colcon_core.package_identification:_identify(src) by extension 'ros'
[1.060s] Level 1:colcon.colcon_core.package_identification:_identify(src) by extensions ['cmake', 'python']
[1.060s] Level 1:colcon.colcon_core.package_identification:_identify(src) by extension 'cmake'
[1.060s] Level 1:colcon.colcon_core.package_identification:_identify(src) by extension 'python'
[1.060s] Level 1:colcon.colcon_core.package_identification:_identify(src) by extensions ['python_setup_py']
[1.060s] Level 1:colcon.colcon_core.package_identification:_identify(src) by extension 'python_setup_py'
[1.061s] Level 1:colcon.colcon_core.package_identification:_identify(src/pybullet_sim) by extensions ['ignore', 'ignore_ament_install']
[1.061s] Level 1:colcon.colcon_core.package_identification:_identify(src/pybullet_sim) by extension 'ignore'
[1.061s] Level 1:colcon.colcon_core.package_identification:_identify(src/pybullet_sim) by extension 'ignore_ament_install'
[1.061s] Level 1:colcon.colcon_core.package_identification:_identify(src/pybullet_sim) by extensions ['colcon_pkg']
[1.061s] Level 1:colcon.colcon_core.package_identification:_identify(src/pybullet_sim) by extension 'colcon_pkg'
[1.062s] Level 1:colcon.colcon_core.package_identification:_identify(src/pybullet_sim) by extensions ['colcon_meta']
[1.062s] Level 1:colcon.colcon_core.package_identification:_identify(src/pybullet_sim) by extension 'colcon_meta'
[1.062s] Level 1:colcon.colcon_core.package_identification:_identify(src/pybullet_sim) by extensions ['ros']
[1.062s] Level 1:colcon.colcon_core.package_identification:_identify(src/pybullet_sim) by extension 'ros'
[1.074s] DEBUG:colcon.colcon_core.package_identification:Package 'src/pybullet_sim' with type 'ros.ament_python' and name 'pybullet_sim'
[1.074s] Level 1:colcon.colcon_core.package_discovery:discover_packages(recursive) using defaults
[1.074s] Level 1:colcon.colcon_core.package_discovery:discover_packages(ignore) discover
[1.074s] Level 1:colcon.colcon_core.package_discovery:discover_packages(ignore) using defaults
[1.074s] Level 1:colcon.colcon_core.package_discovery:discover_packages(path) discover
[1.075s] Level 1:colcon.colcon_core.package_discovery:discover_packages(path) using defaults
[1.147s] Level 1:colcon.colcon_core.package_discovery:discover_packages(prefix_path) check parameters
[1.147s] Level 1:colcon.colcon_core.package_discovery:discover_packages(prefix_path) discover
[1.160s] DEBUG:colcon.colcon_installed_package_information.package_discovery:Found 0 installed packages in /home/devpatel/crowd_nav_ws/install
[1.162s] DEBUG:colcon.colcon_installed_package_information.package_discovery:Found 4 installed packages in /home/devpatel/imu_ws/install
[1.164s] DEBUG:colcon.colcon_installed_package_information.package_discovery:Found 16 installed packages in /home/devpatel/yahboomcar_ros2_ws/yahboomcar_ws/install
[1.166s] DEBUG:colcon.colcon_installed_package_information.package_discovery:Found 4 installed packages in /home/devpatel/turtle_ws/install
[1.168s] DEBUG:colcon.colcon_installed_package_information.package_discovery:Found 2 installed packages in /home/devpatel/ros2_ws/install
[1.172s] DEBUG:colcon.colcon_installed_package_information.package_discovery:Found 379 installed packages in /opt/ros/humble
[1.178s] Level 1:colcon.colcon_core.package_discovery:discover_packages(prefix_path) using defaults
[1.435s] Level 5:colcon.colcon_core.verb:set package 'pybullet_sim' build argument 'cmake_args' from command line to 'None'
[1.436s] Level 5:colcon.colcon_core.verb:set package 'pybullet_sim' build argument 'cmake_target' from command line to 'None'
[1.436s] Level 5:colcon.colcon_core.verb:set package 'pybullet_sim' build argument 'cmake_target_skip_unavailable' from command line to 'False'
[1.436s] Level 5:colcon.colcon_core.verb:set package 'pybullet_sim' build argument 'cmake_clean_cache' from command line to 'False'
[1.436s] Level 5:colcon.colcon_core.verb:set package 'pybullet_sim' build argument 'cmake_clean_first' from command line to 'False'
[1.436s] Level 5:colcon.colcon_core.verb:set package 'pybullet_sim' build argument 'cmake_force_configure' from command line to 'False'
[1.436s] Level 5:colcon.colcon_core.verb:set package 'pybullet_sim' build argument 'ament_cmake_args' from command line to 'None'
[1.436s] Level 5:colcon.colcon_core.verb:set package 'pybullet_sim' build argument 'catkin_cmake_args' from command line to 'None'
[1.436s] Level 5:colcon.colcon_core.verb:set package 'pybullet_sim' build argument 'catkin_skip_building_tests' from command line to 'False'
[1.436s] DEBUG:colcon.colcon_core.verb:Building package 'pybullet_sim' with the following arguments: {'ament_cmake_args': None, 'build_base': '/home/devpatel/crowd_nav_ws/build/pybullet_sim', 'catkin_cmake_args': None, 'catkin_skip_building_tests': False, 'cmake_args': None, 'cmake_clean_cache': False, 'cmake_clean_first': False, 'cmake_force_configure': False, 'cmake_target': None, 'cmake_target_skip_unavailable': False, 'install_base': '/home/devpatel/crowd_nav_ws/install/pybullet_sim', 'merge_install': False, 'path': '/home/devpatel/crowd_nav_ws/src/pybullet_sim', 'symlink_install': True, 'test_result_base': None}
[1.437s] INFO:colcon.colcon_core.executor:Executing jobs using 'parallel' executor
[1.440s] DEBUG:colcon.colcon_parallel_executor.executor.parallel:run_until_complete
[1.440s] INFO:colcon.colcon_ros.task.ament_python.build:Building ROS package in '/home/devpatel/crowd_nav_ws/src/pybullet_sim' with build type 'ament_python'
[1.442s] Level 1:colcon.colcon_core.shell:create_environment_hook('pybullet_sim', 'ament_prefix_path')
[1.455s] INFO:colcon.colcon_core.plugin_system:Skipping extension 'colcon_core.shell.bat': Not used on non-Windows systems
[1.456s] INFO:colcon.colcon_core.shell:Creating environment hook '/home/devpatel/crowd_nav_ws/install/pybullet_sim/share/pybullet_sim/hook/ament_prefix_path.ps1'
[1.459s] INFO:colcon.colcon_core.shell:Creating environment descriptor '/home/devpatel/crowd_nav_ws/install/pybullet_sim/share/pybullet_sim/hook/ament_prefix_path.dsv'
[1.461s] INFO:colcon.colcon_core.shell:Creating environment hook '/home/devpatel/crowd_nav_ws/install/pybullet_sim/share/pybullet_sim/hook/ament_prefix_path.sh'
[1.464s] INFO:colcon.colcon_core.shell:Skip shell extension 'powershell' for command environment: Not usable outside of PowerShell
[1.464s] DEBUG:colcon.colcon_core.shell:Skip shell extension 'dsv' for command environment
[2.421s] INFO:colcon.colcon_core.task.python.build:Building Python package in '/home/devpatel/crowd_nav_ws/src/pybullet_sim'
[2.422s] INFO:colcon.colcon_core.shell:Skip shell extension 'powershell' for command environment: Not usable outside of PowerShell
[2.422s] DEBUG:colcon.colcon_core.shell:Skip shell extension 'dsv' for command environment
[4.100s] DEBUG:colcon.colcon_core.event_handler.log_command:Invoking command in '/home/devpatel/crowd_nav_ws/build/pybullet_sim': PYTHONPATH=/home/devpatel/crowd_nav_ws/build/pybullet_sim/prefix_override:/home/devpatel/.local/lib/python3.10/site-packages/colcon_core/task/python/colcon_distutils_commands:/home/devpatel/crowd_nav_ws/install/pybullet_sim/lib/python3.10/site-packages:${PYTHONPATH} /usr/bin/python3 -W ignore:setup.py install is deprecated -W ignore:easy_install command is deprecated setup.py develop --editable --build-directory /home/devpatel/crowd_nav_ws/build/pybullet_sim/build --no-deps symlink_data
[5.750s] Level 1:colcon.colcon_core.shell:create_environment_hook('pybullet_sim', 'pythonpath_develop')
[5.751s] INFO:colcon.colcon_core.shell:Creating environment hook '/home/devpatel/crowd_nav_ws/build/pybullet_sim/share/pybullet_sim/hook/pythonpath_develop.ps1'
[5.752s] DEBUG:colcon.colcon_core.event_handler.log_command:Invoked command in '/home/devpatel/crowd_nav_ws/build/pybullet_sim' returned '0': PYTHONPATH=/home/devpatel/crowd_nav_ws/build/pybullet_sim/prefix_override:/home/devpatel/.local/lib/python3.10/site-packages/colcon_core/task/python/colcon_distutils_commands:/home/devpatel/crowd_nav_ws/install/pybullet_sim/lib/python3.10/site-packages:${PYTHONPATH} /usr/bin/python3 -W ignore:setup.py install is deprecated -W ignore:easy_install command is deprecated setup.py develop --editable --build-directory /home/devpatel/crowd_nav_ws/build/pybullet_sim/build --no-deps symlink_data
[5.754s] INFO:colcon.colcon_core.shell:Creating environment descriptor '/home/devpatel/crowd_nav_ws/build/pybullet_sim/share/pybullet_sim/hook/pythonpath_develop.dsv'
[5.755s] INFO:colcon.colcon_core.shell:Creating environment hook '/home/devpatel/crowd_nav_ws/build/pybullet_sim/share/pybullet_sim/hook/pythonpath_develop.sh'
[5.775s] Level 1:colcon.colcon_core.environment:checking '/home/devpatel/crowd_nav_ws/install/pybullet_sim' for CMake module files
[5.777s] Level 1:colcon.colcon_core.environment:checking '/home/devpatel/crowd_nav_ws/install/pybullet_sim' for CMake config files
[5.779s] Level 1:colcon.colcon_core.environment:checking '/home/devpatel/crowd_nav_ws/install/pybullet_sim/lib'
[5.779s] Level 1:colcon.colcon_core.environment:checking '/home/devpatel/crowd_nav_ws/install/pybullet_sim/bin'
[5.780s] Level 1:colcon.colcon_core.environment:checking '/home/devpatel/crowd_nav_ws/install/pybullet_sim/lib/pkgconfig/pybullet_sim.pc'
[5.780s] Level 1:colcon.colcon_core.environment:checking '/home/devpatel/crowd_nav_ws/install/pybullet_sim/lib/python3.10/site-packages'
[5.781s] Level 1:colcon.colcon_core.shell:create_environment_hook('pybullet_sim', 'pythonpath')
[5.782s] INFO:colcon.colcon_core.shell:Creating environment hook '/home/devpatel/crowd_nav_ws/install/pybullet_sim/share/pybullet_sim/hook/pythonpath.ps1'
[5.784s] INFO:colcon.colcon_core.shell:Creating environment descriptor '/home/devpatel/crowd_nav_ws/install/pybullet_sim/share/pybullet_sim/hook/pythonpath.dsv'
[5.785s] INFO:colcon.colcon_core.shell:Creating environment hook '/home/devpatel/crowd_nav_ws/install/pybullet_sim/share/pybullet_sim/hook/pythonpath.sh'
[5.787s] Level 1:colcon.colcon_core.environment:checking '/home/devpatel/crowd_nav_ws/install/pybullet_sim/bin'
[5.787s] Level 1:colcon.colcon_core.environment:create_environment_scripts_only(pybullet_sim)
[5.789s] INFO:colcon.colcon_core.shell:Creating package script '/home/devpatel/crowd_nav_ws/install/pybullet_sim/share/pybullet_sim/package.ps1'
[5.792s] INFO:colcon.colcon_core.shell:Creating package descriptor '/home/devpatel/crowd_nav_ws/install/pybullet_sim/share/pybullet_sim/package.dsv'
[5.795s] INFO:colcon.colcon_core.shell:Creating package script '/home/devpatel/crowd_nav_ws/install/pybullet_sim/share/pybullet_sim/package.sh'
[5.798s] INFO:colcon.colcon_core.shell:Creating package script '/home/devpatel/crowd_nav_ws/install/pybullet_sim/share/pybullet_sim/package.bash'
[5.801s] INFO:colcon.colcon_core.shell:Creating package script '/home/devpatel/crowd_nav_ws/install/pybullet_sim/share/pybullet_sim/package.zsh'
[5.803s] Level 1:colcon.colcon_core.environment:create_file_with_runtime_dependencies(/home/devpatel/crowd_nav_ws/install/pybullet_sim/share/colcon-core/packages/pybullet_sim)
[5.805s] DEBUG:colcon.colcon_parallel_executor.executor.parallel:closing loop
[5.805s] DEBUG:colcon.colcon_parallel_executor.executor.parallel:loop closed
[5.807s] DEBUG:colcon.colcon_parallel_executor.executor.parallel:run_until_complete finished with '0'
[5.807s] DEBUG:colcon.colcon_core.event_reactor:joining thread
[5.850s] INFO:colcon.colcon_core.plugin_system:Skipping extension 'colcon_notification.desktop_notification.terminal_notifier': Not used on non-Darwin systems
[5.850s] INFO:colcon.colcon_core.plugin_system:Skipping extension 'colcon_notification.desktop_notification.win32': Not used on non-Windows systems
[5.850s] INFO:colcon.colcon_notification.desktop_notification:Sending desktop notification using 'notify2'
[5.890s] DEBUG:colcon.colcon_core.event_reactor:joined thread
[5.891s] INFO:colcon.colcon_core.shell:Creating prefix script '/home/devpatel/crowd_nav_ws/install/local_setup.ps1'
[5.896s] INFO:colcon.colcon_core.shell:Creating prefix util module '/home/devpatel/crowd_nav_ws/install/_local_setup_util_ps1.py'
[5.901s] INFO:colcon.colcon_core.shell:Creating prefix chain script '/home/devpatel/crowd_nav_ws/install/setup.ps1'
[5.910s] INFO:colcon.colcon_core.shell:Creating prefix script '/home/devpatel/crowd_nav_ws/install/local_setup.sh'
[5.913s] INFO:colcon.colcon_core.shell:Creating prefix util module '/home/devpatel/crowd_nav_ws/install/_local_setup_util_sh.py'
[5.915s] INFO:colcon.colcon_core.shell:Creating prefix chain script '/home/devpatel/crowd_nav_ws/install/setup.sh'
[5.922s] INFO:colcon.colcon_core.shell:Creating prefix script '/home/devpatel/crowd_nav_ws/install/local_setup.bash'
[5.925s] INFO:colcon.colcon_core.shell:Creating prefix chain script '/home/devpatel/crowd_nav_ws/install/setup.bash'
[5.934s] INFO:colcon.colcon_core.shell:Creating prefix script '/home/devpatel/crowd_nav_ws/install/local_setup.zsh'
[5.937s] INFO:colcon.colcon_core.shell:Creating prefix chain script '/home/devpatel/crowd_nav_ws/install/setup.zsh'
