[1.129s] DEBUG:colcon:Command line arguments: ['/home/devpatel/.local/bin/colcon', 'build']
[1.130s] DEBUG:colcon:Parsed command line arguments: Namespace(log_base=None, log_level=None, verb_name='build', build_base='build', install_base='install', merge_install=False, symlink_install=False, test_result_base=None, continue_on_error=False, executor='parallel', parallel_workers=4, event_handlers=None, ignore_user_meta=False, metas=['./colcon.meta'], base_paths=['.'], packages_ignore=None, packages_ignore_regex=None, paths=None, packages_up_to=None, packages_up_to_regex=None, packages_above=None, packages_above_and_dependencies=None, packages_above_depth=None, packages_select_by_dep=None, packages_skip_by_dep=None, packages_skip_up_to=None, packages_select_build_failed=False, packages_skip_build_finished=False, packages_select_test_failures=False, packages_skip_test_passed=False, packages_select=None, packages_skip=None, packages_select_regex=None, packages_skip_regex=None, packages_start=None, packages_end=None, allow_overriding=[], cmake_args=None, cmake_target=None, cmake_target_skip_unavailable=False, cmake_clean_cache=False, cmake_clean_first=False, cmake_force_configure=False, ament_cmake_args=None, catkin_cmake_args=None, catkin_skip_building_tests=False, verb_parser=<colcon_defaults.argument_parser.defaults.DefaultArgumentsDecorator object at 0xffff884fe050>, verb_extension=<colcon_core.verb.build.BuildVerb object at 0xffff886af4c0>, main=<bound method BuildVerb.main of <colcon_core.verb.build.BuildVerb object at 0xffff886af4c0>>)
[2.073s] Level 1:colcon.colcon_core.package_discovery:discover_packages(colcon_meta) check parameters
[2.074s] Level 1:colcon.colcon_core.package_discovery:discover_packages(recursive) check parameters
[2.074s] Level 1:colcon.colcon_core.package_discovery:discover_packages(ignore) check parameters
[2.074s] Level 1:colcon.colcon_core.package_discovery:discover_packages(path) check parameters
[2.074s] Level 1:colcon.colcon_core.package_discovery:discover_packages(colcon_meta) discover
[2.075s] Level 1:colcon.colcon_core.package_discovery:discover_packages(recursive) discover
[2.075s] INFO:colcon.colcon_core.package_discovery:Crawling recursively for packages in '/home/devpatel/crowd_nav_ws'
[2.075s] Level 1:colcon.colcon_core.package_identification:_identify(.) by extensions ['ignore', 'ignore_ament_install']
[2.076s] Level 1:colcon.colcon_core.package_identification:_identify(.) by extension 'ignore'
[2.076s] Level 1:colcon.colcon_core.package_identification:_identify(.) by extension 'ignore_ament_install'
[2.076s] Level 1:colcon.colcon_core.package_identification:_identify(.) by extensions ['colcon_pkg']
[2.076s] Level 1:colcon.colcon_core.package_identification:_identify(.) by extension 'colcon_pkg'
[2.076s] Level 1:colcon.colcon_core.package_identification:_identify(.) by extensions ['colcon_meta']
[2.077s] Level 1:colcon.colcon_core.package_identification:_identify(.) by extension 'colcon_meta'
[2.077s] Level 1:colcon.colcon_core.package_identification:_identify(.) by extensions ['ros']
[2.077s] Level 1:colcon.colcon_core.package_identification:_identify(.) by extension 'ros'
[2.117s] Level 1:colcon.colcon_core.package_identification:_identify(.) by extensions ['cmake', 'python']
[2.117s] Level 1:colcon.colcon_core.package_identification:_identify(.) by extension 'cmake'
[2.117s] Level 1:colcon.colcon_core.package_identification:_identify(.) by extension 'python'
[2.117s] Level 1:colcon.colcon_core.package_identification:_identify(.) by extensions ['python_setup_py']
[2.118s] Level 1:colcon.colcon_core.package_identification:_identify(.) by extension 'python_setup_py'
[2.118s] Level 1:colcon.colcon_core.package_identification:_identify(build) by extensions ['ignore', 'ignore_ament_install']
[2.118s] Level 1:colcon.colcon_core.package_identification:_identify(build) by extension 'ignore'
[2.118s] Level 1:colcon.colcon_core.package_identification:_identify(build) ignored
[2.119s] Level 1:colcon.colcon_core.package_identification:_identify(install) by extensions ['ignore', 'ignore_ament_install']
[2.119s] Level 1:colcon.colcon_core.package_identification:_identify(install) by extension 'ignore'
[2.119s] Level 1:colcon.colcon_core.package_identification:_identify(install) ignored
[2.120s] Level 1:colcon.colcon_core.package_identification:_identify(log) by extensions ['ignore', 'ignore_ament_install']
[2.120s] Level 1:colcon.colcon_core.package_identification:_identify(log) by extension 'ignore'
[2.120s] Level 1:colcon.colcon_core.package_identification:_identify(log) ignored
[2.120s] Level 1:colcon.colcon_core.package_identification:_identify(src) by extensions ['ignore', 'ignore_ament_install']
[2.120s] Level 1:colcon.colcon_core.package_identification:_identify(src) by extension 'ignore'
[2.121s] Level 1:colcon.colcon_core.package_identification:_identify(src) by extension 'ignore_ament_install'
[2.121s] Level 1:colcon.colcon_core.package_identification:_identify(src) by extensions ['colcon_pkg']
[2.121s] Level 1:colcon.colcon_core.package_identification:_identify(src) by extension 'colcon_pkg'
[2.121s] Level 1:colcon.colcon_core.package_identification:_identify(src) by extensions ['colcon_meta']
[2.121s] Level 1:colcon.colcon_core.package_identification:_identify(src) by extension 'colcon_meta'
[2.121s] Level 1:colcon.colcon_core.package_identification:_identify(src) by extensions ['ros']
[2.121s] Level 1:colcon.colcon_core.package_identification:_identify(src) by extension 'ros'
[2.122s] Level 1:colcon.colcon_core.package_identification:_identify(src) by extensions ['cmake', 'python']
[2.122s] Level 1:colcon.colcon_core.package_identification:_identify(src) by extension 'cmake'
[2.122s] Level 1:colcon.colcon_core.package_identification:_identify(src) by extension 'python'
[2.122s] Level 1:colcon.colcon_core.package_identification:_identify(src) by extensions ['python_setup_py']
[2.122s] Level 1:colcon.colcon_core.package_identification:_identify(src) by extension 'python_setup_py'
[2.122s] Level 1:colcon.colcon_core.package_discovery:discover_packages(recursive) using defaults
[2.123s] Level 1:colcon.colcon_core.package_discovery:discover_packages(ignore) discover
[2.123s] Level 1:colcon.colcon_core.package_discovery:discover_packages(ignore) using defaults
[2.123s] Level 1:colcon.colcon_core.package_discovery:discover_packages(path) discover
[2.123s] Level 1:colcon.colcon_core.package_discovery:discover_packages(path) using defaults
[2.232s] Level 1:colcon.colcon_core.package_discovery:discover_packages(prefix_path) check parameters
[2.233s] Level 1:colcon.colcon_core.package_discovery:discover_packages(prefix_path) discover
[2.251s] DEBUG:colcon.colcon_installed_package_information.package_discovery:Found 4 installed packages in /home/devpatel/imu_ws/install
[2.254s] DEBUG:colcon.colcon_installed_package_information.package_discovery:Found 16 installed packages in /home/devpatel/yahboomcar_ros2_ws/yahboomcar_ws/install
[2.255s] DEBUG:colcon.colcon_installed_package_information.package_discovery:Found 4 installed packages in /home/devpatel/turtle_ws/install
[2.257s] DEBUG:colcon.colcon_installed_package_information.package_discovery:Found 2 installed packages in /home/devpatel/ros2_ws/install
[2.262s] DEBUG:colcon.colcon_installed_package_information.package_discovery:Found 379 installed packages in /opt/ros/humble
[2.268s] Level 1:colcon.colcon_core.package_discovery:discover_packages(prefix_path) using defaults
[2.505s] INFO:colcon.colcon_core.executor:Executing jobs using 'parallel' executor
[2.508s] DEBUG:colcon.colcon_parallel_executor.executor.parallel:run_until_complete
[2.509s] DEBUG:colcon.colcon_parallel_executor.executor.parallel:closing loop
[2.509s] DEBUG:colcon.colcon_parallel_executor.executor.parallel:loop closed
[2.509s] DEBUG:colcon.colcon_parallel_executor.executor.parallel:run_until_complete finished with '0'
[2.509s] DEBUG:colcon.colcon_core.event_reactor:joining thread
[2.533s] INFO:colcon.colcon_core.plugin_system:Skipping extension 'colcon_notification.desktop_notification.terminal_notifier': Not used on non-Darwin systems
[2.533s] INFO:colcon.colcon_core.plugin_system:Skipping extension 'colcon_notification.desktop_notification.win32': Not used on non-Windows systems
[2.533s] INFO:colcon.colcon_notification.desktop_notification:Sending desktop notification using 'notify2'
[2.600s] DEBUG:colcon.colcon_core.event_reactor:joined thread
[2.623s] INFO:colcon.colcon_core.plugin_system:Skipping extension 'colcon_core.shell.bat': Not used on non-Windows systems
[2.624s] INFO:colcon.colcon_core.shell:Creating prefix script '/home/devpatel/crowd_nav_ws/install/local_setup.ps1'
[2.631s] INFO:colcon.colcon_core.shell:Creating prefix util module '/home/devpatel/crowd_nav_ws/install/_local_setup_util_ps1.py'
[2.638s] INFO:colcon.colcon_core.shell:Creating prefix chain script '/home/devpatel/crowd_nav_ws/install/setup.ps1'
[2.646s] INFO:colcon.colcon_core.shell:Creating prefix script '/home/devpatel/crowd_nav_ws/install/local_setup.sh'
[2.649s] INFO:colcon.colcon_core.shell:Creating prefix util module '/home/devpatel/crowd_nav_ws/install/_local_setup_util_sh.py'
[2.651s] INFO:colcon.colcon_core.shell:Creating prefix chain script '/home/devpatel/crowd_nav_ws/install/setup.sh'
[2.658s] INFO:colcon.colcon_core.shell:Creating prefix script '/home/devpatel/crowd_nav_ws/install/local_setup.bash'
[2.661s] INFO:colcon.colcon_core.shell:Creating prefix chain script '/home/devpatel/crowd_nav_ws/install/setup.bash'
[2.668s] INFO:colcon.colcon_core.shell:Creating prefix script '/home/devpatel/crowd_nav_ws/install/local_setup.zsh'
[2.671s] INFO:colcon.colcon_core.shell:Creating prefix chain script '/home/devpatel/crowd_nav_ws/install/setup.zsh'
