[0.505s] DEBUG:colcon:Command line arguments: ['/home/devpatel/.local/bin/colcon', 'build', '--symlink-install']
[0.505s] DEBUG:colcon:Parsed command line arguments: Namespace(log_base=None, log_level=None, verb_name='build', build_base='build', install_base='install', merge_install=False, symlink_install=True, test_result_base=None, continue_on_error=False, executor='parallel', parallel_workers=4, event_handlers=None, ignore_user_meta=False, metas=['./colcon.meta'], base_paths=['.'], packages_ignore=None, packages_ignore_regex=None, paths=None, packages_up_to=None, packages_up_to_regex=None, packages_above=None, packages_above_and_dependencies=None, packages_above_depth=None, packages_select_by_dep=None, packages_skip_by_dep=None, packages_skip_up_to=None, packages_select_build_failed=False, packages_skip_build_finished=False, packages_select_test_failures=False, packages_skip_test_passed=False, packages_select=None, packages_skip=None, packages_select_regex=None, packages_skip_regex=None, packages_start=None, packages_end=None, allow_overriding=[], cmake_args=None, cmake_target=None, cmake_target_skip_unavailable=False, cmake_clean_cache=False, cmake_clean_first=False, cmake_force_configure=False, ament_cmake_args=None, catkin_cmake_args=None, catkin_skip_building_tests=False, verb_parser=<colcon_defaults.argument_parser.defaults.DefaultArgumentsDecorator object at 0xffff9c1b3220>, verb_extension=<colcon_core.verb.build.BuildVerb object at 0xffff9c3a4640>, main=<bound method BuildVerb.main of <colcon_core.verb.build.BuildVerb object at 0xffff9c3a4640>>)
[1.088s] Level 1:colcon.colcon_core.package_discovery:discover_packages(colcon_meta) check parameters
[1.089s] Level 1:colcon.colcon_core.package_discovery:discover_packages(recursive) check parameters
[1.089s] Level 1:colcon.colcon_core.package_discovery:discover_packages(ignore) check parameters
[1.089s] Level 1:colcon.colcon_core.package_discovery:discover_packages(path) check parameters
[1.089s] Level 1:colcon.colcon_core.package_discovery:discover_packages(colcon_meta) discover
[1.090s] Level 1:colcon.colcon_core.package_discovery:discover_packages(recursive) discover
[1.090s] INFO:colcon.colcon_core.package_discovery:Crawling recursively for packages in '/home/devpatel/crowd_nav_ws'
[1.090s] Level 1:colcon.colcon_core.package_identification:_identify(.) by extensions ['ignore', 'ignore_ament_install']
[1.091s] Level 1:colcon.colcon_core.package_identification:_identify(.) by extension 'ignore'
[1.091s] Level 1:colcon.colcon_core.package_identification:_identify(.) by extension 'ignore_ament_install'
[1.091s] Level 1:colcon.colcon_core.package_identification:_identify(.) by extensions ['colcon_pkg']
[1.091s] Level 1:colcon.colcon_core.package_identification:_identify(.) by extension 'colcon_pkg'
[1.091s] Level 1:colcon.colcon_core.package_identification:_identify(.) by extensions ['colcon_meta']
[1.092s] Level 1:colcon.colcon_core.package_identification:_identify(.) by extension 'colcon_meta'
[1.092s] Level 1:colcon.colcon_core.package_identification:_identify(.) by extensions ['ros']
[1.092s] Level 1:colcon.colcon_core.package_identification:_identify(.) by extension 'ros'
[1.130s] Level 1:colcon.colcon_core.package_identification:_identify(.) by extensions ['cmake', 'python']
[1.130s] Level 1:colcon.colcon_core.package_identification:_identify(.) by extension 'cmake'
[1.130s] Level 1:colcon.colcon_core.package_identification:_identify(.) by extension 'python'
[1.131s] Level 1:colcon.colcon_core.package_identification:_identify(.) by extensions ['python_setup_py']
[1.131s] Level 1:colcon.colcon_core.package_identification:_identify(.) by extension 'python_setup_py'
[1.131s] Level 1:colcon.colcon_core.package_identification:_identify(build) by extensions ['ignore', 'ignore_ament_install']
[1.132s] Level 1:colcon.colcon_core.package_identification:_identify(build) by extension 'ignore'
[1.132s] Level 1:colcon.colcon_core.package_identification:_identify(build) ignored
[1.132s] Level 1:colcon.colcon_core.package_identification:_identify(install) by extensions ['ignore', 'ignore_ament_install']
[1.133s] Level 1:colcon.colcon_core.package_identification:_identify(install) by extension 'ignore'
[1.133s] Level 1:colcon.colcon_core.package_identification:_identify(install) ignored
[1.133s] Level 1:colcon.colcon_core.package_identification:_identify(log) by extensions ['ignore', 'ignore_ament_install']
[1.134s] Level 1:colcon.colcon_core.package_identification:_identify(log) by extension 'ignore'
[1.134s] Level 1:colcon.colcon_core.package_identification:_identify(log) ignored
[1.134s] Level 1:colcon.colcon_core.package_identification:_identify(src) by extensions ['ignore', 'ignore_ament_install']
[1.134s] Level 1:colcon.colcon_core.package_identification:_identify(src) by extension 'ignore'
[1.134s] Level 1:colcon.colcon_core.package_identification:_identify(src) by extension 'ignore_ament_install'
[1.135s] Level 1:colcon.colcon_core.package_identification:_identify(src) by extensions ['colcon_pkg']
[1.135s] Level 1:colcon.colcon_core.package_identification:_identify(src) by extension 'colcon_pkg'
[1.135s] Level 1:colcon.colcon_core.package_identification:_identify(src) by extensions ['colcon_meta']
[1.135s] Level 1:colcon.colcon_core.package_identification:_identify(src) by extension 'colcon_meta'
[1.135s] Level 1:colcon.colcon_core.package_identification:_identify(src) by extensions ['ros']
[1.135s] Level 1:colcon.colcon_core.package_identification:_identify(src) by extension 'ros'
[1.136s] Level 1:colcon.colcon_core.package_identification:_identify(src) by extensions ['cmake', 'python']
[1.136s] Level 1:colcon.colcon_core.package_identification:_identify(src) by extension 'cmake'
[1.136s] Level 1:colcon.colcon_core.package_identification:_identify(src) by extension 'python'
[1.136s] Level 1:colcon.colcon_core.package_identification:_identify(src) by extensions ['python_setup_py']
[1.136s] Level 1:colcon.colcon_core.package_identification:_identify(src) by extension 'python_setup_py'
[1.137s] Level 1:colcon.colcon_core.package_identification:_identify(src/pybullet_sim) by extensions ['ignore', 'ignore_ament_install']
[1.137s] Level 1:colcon.colcon_core.package_identification:_identify(src/pybullet_sim) by extension 'ignore'
[1.137s] Level 1:colcon.colcon_core.package_identification:_identify(src/pybullet_sim) by extension 'ignore_ament_install'
[1.137s] Level 1:colcon.colcon_core.package_identification:_identify(src/pybullet_sim) by extensions ['colcon_pkg']
[1.137s] Level 1:colcon.colcon_core.package_identification:_identify(src/pybullet_sim) by extension 'colcon_pkg'
[1.137s] Level 1:colcon.colcon_core.package_identification:_identify(src/pybullet_sim) by extensions ['colcon_meta']
[1.138s] Level 1:colcon.colcon_core.package_identification:_identify(src/pybullet_sim) by extension 'colcon_meta'
[1.138s] Level 1:colcon.colcon_core.package_identification:_identify(src/pybullet_sim) by extensions ['ros']
[1.138s] Level 1:colcon.colcon_core.package_identification:_identify(src/pybullet_sim) by extension 'ros'
[1.146s] DEBUG:colcon.colcon_core.package_identification:Package 'src/pybullet_sim' with type 'ros.ament_python' and name 'pybullet_sim'
[1.147s] Level 1:colcon.colcon_core.package_identification:_identify(src/yahboomcar_description) by extensions ['ignore', 'ignore_ament_install']
[1.147s] Level 1:colcon.colcon_core.package_identification:_identify(src/yahboomcar_description) by extension 'ignore'
[1.148s] Level 1:colcon.colcon_core.package_identification:_identify(src/yahboomcar_description) by extension 'ignore_ament_install'
[1.148s] Level 1:colcon.colcon_core.package_identification:_identify(src/yahboomcar_description) by extensions ['colcon_pkg']
[1.148s] Level 1:colcon.colcon_core.package_identification:_identify(src/yahboomcar_description) by extension 'colcon_pkg'
[1.148s] Level 1:colcon.colcon_core.package_identification:_identify(src/yahboomcar_description) by extensions ['colcon_meta']
[1.148s] Level 1:colcon.colcon_core.package_identification:_identify(src/yahboomcar_description) by extension 'colcon_meta'
[1.148s] Level 1:colcon.colcon_core.package_identification:_identify(src/yahboomcar_description) by extensions ['ros']
[1.149s] Level 1:colcon.colcon_core.package_identification:_identify(src/yahboomcar_description) by extension 'ros'
[1.150s] DEBUG:colcon.colcon_core.package_identification:Package 'src/yahboomcar_description' with type 'ros.ament_python' and name 'yahboomcar_description'
[1.151s] Level 1:colcon.colcon_core.package_discovery:discover_packages(recursive) using defaults
[1.151s] Level 1:colcon.colcon_core.package_discovery:discover_packages(ignore) discover
[1.151s] Level 1:colcon.colcon_core.package_discovery:discover_packages(ignore) using defaults
[1.151s] Level 1:colcon.colcon_core.package_discovery:discover_packages(path) discover
[1.151s] Level 1:colcon.colcon_core.package_discovery:discover_packages(path) using defaults
[1.228s] Level 1:colcon.colcon_core.package_discovery:discover_packages(prefix_path) check parameters
[1.228s] Level 1:colcon.colcon_core.package_discovery:discover_packages(prefix_path) discover
[1.238s] DEBUG:colcon.colcon_installed_package_information.package_discovery:Found 2 installed packages in /home/devpatel/crowd_nav_ws/install
[1.240s] DEBUG:colcon.colcon_installed_package_information.package_discovery:Found 4 installed packages in /home/devpatel/imu_ws/install
[1.243s] DEBUG:colcon.colcon_installed_package_information.package_discovery:Found 16 installed packages in /home/devpatel/yahboomcar_ros2_ws/yahboomcar_ws/install
[1.245s] DEBUG:colcon.colcon_installed_package_information.package_discovery:Found 4 installed packages in /home/devpatel/turtle_ws/install
[1.247s] DEBUG:colcon.colcon_installed_package_information.package_discovery:Found 2 installed packages in /home/devpatel/ros2_ws/install
[1.252s] DEBUG:colcon.colcon_installed_package_information.package_discovery:Found 379 installed packages in /opt/ros/humble
[1.299s] Level 1:colcon.colcon_core.package_discovery:discover_packages(prefix_path) using defaults
[1.463s] Level 5:colcon.colcon_core.verb:set package 'pybullet_sim' build argument 'cmake_args' from command line to 'None'
[1.463s] Level 5:colcon.colcon_core.verb:set package 'pybullet_sim' build argument 'cmake_target' from command line to 'None'
[1.464s] Level 5:colcon.colcon_core.verb:set package 'pybullet_sim' build argument 'cmake_target_skip_unavailable' from command line to 'False'
[1.464s] Level 5:colcon.colcon_core.verb:set package 'pybullet_sim' build argument 'cmake_clean_cache' from command line to 'False'
[1.464s] Level 5:colcon.colcon_core.verb:set package 'pybullet_sim' build argument 'cmake_clean_first' from command line to 'False'
[1.465s] Level 5:colcon.colcon_core.verb:set package 'pybullet_sim' build argument 'cmake_force_configure' from command line to 'False'
[1.465s] Level 5:colcon.colcon_core.verb:set package 'pybullet_sim' build argument 'ament_cmake_args' from command line to 'None'
[1.466s] Level 5:colcon.colcon_core.verb:set package 'pybullet_sim' build argument 'catkin_cmake_args' from command line to 'None'
[1.466s] Level 5:colcon.colcon_core.verb:set package 'pybullet_sim' build argument 'catkin_skip_building_tests' from command line to 'False'
[1.466s] DEBUG:colcon.colcon_core.verb:Building package 'pybullet_sim' with the following arguments: {'ament_cmake_args': None, 'build_base': '/home/devpatel/crowd_nav_ws/build/pybullet_sim', 'catkin_cmake_args': None, 'catkin_skip_building_tests': False, 'cmake_args': None, 'cmake_clean_cache': False, 'cmake_clean_first': False, 'cmake_force_configure': False, 'cmake_target': None, 'cmake_target_skip_unavailable': False, 'install_base': '/home/devpatel/crowd_nav_ws/install/pybullet_sim', 'merge_install': False, 'path': '/home/devpatel/crowd_nav_ws/src/pybullet_sim', 'symlink_install': True, 'test_result_base': None}
[1.468s] Level 5:colcon.colcon_core.verb:set package 'yahboomcar_description' build argument 'cmake_args' from command line to 'None'
[1.468s] Level 5:colcon.colcon_core.verb:set package 'yahboomcar_description' build argument 'cmake_target' from command line to 'None'
[1.469s] Level 5:colcon.colcon_core.verb:set package 'yahboomcar_description' build argument 'cmake_target_skip_unavailable' from command line to 'False'
[1.469s] Level 5:colcon.colcon_core.verb:set package 'yahboomcar_description' build argument 'cmake_clean_cache' from command line to 'False'
[1.470s] Level 5:colcon.colcon_core.verb:set package 'yahboomcar_description' build argument 'cmake_clean_first' from command line to 'False'
[1.470s] Level 5:colcon.colcon_core.verb:set package 'yahboomcar_description' build argument 'cmake_force_configure' from command line to 'False'
[1.470s] Level 5:colcon.colcon_core.verb:set package 'yahboomcar_description' build argument 'ament_cmake_args' from command line to 'None'
[1.471s] Level 5:colcon.colcon_core.verb:set package 'yahboomcar_description' build argument 'catkin_cmake_args' from command line to 'None'
[1.471s] Level 5:colcon.colcon_core.verb:set package 'yahboomcar_description' build argument 'catkin_skip_building_tests' from command line to 'False'
[1.471s] DEBUG:colcon.colcon_core.verb:Building package 'yahboomcar_description' with the following arguments: {'ament_cmake_args': None, 'build_base': '/home/devpatel/crowd_nav_ws/build/yahboomcar_description', 'catkin_cmake_args': None, 'catkin_skip_building_tests': False, 'cmake_args': None, 'cmake_clean_cache': False, 'cmake_clean_first': False, 'cmake_force_configure': False, 'cmake_target': None, 'cmake_target_skip_unavailable': False, 'install_base': '/home/devpatel/crowd_nav_ws/install/yahboomcar_description', 'merge_install': False, 'path': '/home/devpatel/crowd_nav_ws/src/yahboomcar_description', 'symlink_install': True, 'test_result_base': None}
[1.472s] INFO:colcon.colcon_core.executor:Executing jobs using 'parallel' executor
[1.489s] DEBUG:colcon.colcon_parallel_executor.executor.parallel:run_until_complete
[1.490s] INFO:colcon.colcon_ros.task.ament_python.build:Building ROS package in '/home/devpatel/crowd_nav_ws/src/pybullet_sim' with build type 'ament_python'
[1.491s] Level 1:colcon.colcon_core.shell:create_environment_hook('pybullet_sim', 'ament_prefix_path')
[1.500s] INFO:colcon.colcon_core.plugin_system:Skipping extension 'colcon_core.shell.bat': Not used on non-Windows systems
[1.500s] INFO:colcon.colcon_core.shell:Creating environment hook '/home/devpatel/crowd_nav_ws/install/pybullet_sim/share/pybullet_sim/hook/ament_prefix_path.ps1'
[1.503s] INFO:colcon.colcon_core.shell:Creating environment descriptor '/home/devpatel/crowd_nav_ws/install/pybullet_sim/share/pybullet_sim/hook/ament_prefix_path.dsv'
[1.505s] INFO:colcon.colcon_core.shell:Creating environment hook '/home/devpatel/crowd_nav_ws/install/pybullet_sim/share/pybullet_sim/hook/ament_prefix_path.sh'
[1.508s] INFO:colcon.colcon_core.shell:Skip shell extension 'powershell' for command environment: Not usable outside of PowerShell
[1.508s] DEBUG:colcon.colcon_core.shell:Skip shell extension 'dsv' for command environment
[1.531s] INFO:colcon.colcon_ros.task.ament_python.build:Building ROS package in '/home/devpatel/crowd_nav_ws/src/yahboomcar_description' with build type 'ament_python'
[1.532s] Level 1:colcon.colcon_core.shell:create_environment_hook('yahboomcar_description', 'ament_prefix_path')
[1.533s] INFO:colcon.colcon_core.shell:Creating environment hook '/home/devpatel/crowd_nav_ws/install/yahboomcar_description/share/yahboomcar_description/hook/ament_prefix_path.ps1'
[1.537s] INFO:colcon.colcon_core.shell:Creating environment descriptor '/home/devpatel/crowd_nav_ws/install/yahboomcar_description/share/yahboomcar_description/hook/ament_prefix_path.dsv'
[1.538s] INFO:colcon.colcon_core.shell:Creating environment hook '/home/devpatel/crowd_nav_ws/install/yahboomcar_description/share/yahboomcar_description/hook/ament_prefix_path.sh'
[1.542s] INFO:colcon.colcon_core.shell:Skip shell extension 'powershell' for command environment: Not usable outside of PowerShell
[1.542s] DEBUG:colcon.colcon_core.shell:Skip shell extension 'dsv' for command environment
[2.558s] INFO:colcon.colcon_core.task.python.build:Building Python package in '/home/devpatel/crowd_nav_ws/src/pybullet_sim'
[2.559s] INFO:colcon.colcon_core.shell:Skip shell extension 'powershell' for command environment: Not usable outside of PowerShell
[2.560s] DEBUG:colcon.colcon_core.shell:Skip shell extension 'dsv' for command environment
[3.552s] INFO:colcon.colcon_core.task.python.build:Building Python package in '/home/devpatel/crowd_nav_ws/src/yahboomcar_description'
[3.553s] INFO:colcon.colcon_core.shell:Skip shell extension 'powershell' for command environment: Not usable outside of PowerShell
[3.554s] DEBUG:colcon.colcon_core.shell:Skip shell extension 'dsv' for command environment
[5.258s] DEBUG:colcon.colcon_core.event_handler.log_command:Invoking command in '/home/devpatel/crowd_nav_ws/build/yahboomcar_description': PYTHONPATH=/home/devpatel/crowd_nav_ws/build/yahboomcar_description/prefix_override:/home/devpatel/.local/lib/python3.10/site-packages/colcon_core/task/python/colcon_distutils_commands:/home/devpatel/crowd_nav_ws/install/yahboomcar_description/lib/python3.10/site-packages:${PYTHONPATH} /usr/bin/python3 -W ignore:setup.py install is deprecated -W ignore:easy_install command is deprecated setup.py develop --editable --build-directory /home/devpatel/crowd_nav_ws/build/yahboomcar_description/build --no-deps symlink_data
[5.439s] DEBUG:colcon.colcon_core.event_handler.log_command:Invoking command in '/home/devpatel/crowd_nav_ws/build/pybullet_sim': PYTHONPATH=/home/devpatel/crowd_nav_ws/build/pybullet_sim/prefix_override:/home/devpatel/.local/lib/python3.10/site-packages/colcon_core/task/python/colcon_distutils_commands:/home/devpatel/crowd_nav_ws/install/pybullet_sim/lib/python3.10/site-packages:${PYTHONPATH} /usr/bin/python3 -W ignore:setup.py install is deprecated -W ignore:easy_install command is deprecated setup.py develop --editable --build-directory /home/devpatel/crowd_nav_ws/build/pybullet_sim/build --no-deps symlink_data
[7.557s] Level 1:colcon.colcon_core.shell:create_environment_hook('yahboomcar_description', 'pythonpath_develop')
[7.559s] INFO:colcon.colcon_core.shell:Creating environment hook '/home/devpatel/crowd_nav_ws/build/yahboomcar_description/share/yahboomcar_description/hook/pythonpath_develop.ps1'
[7.562s] DEBUG:colcon.colcon_core.event_handler.log_command:Invoked command in '/home/devpatel/crowd_nav_ws/build/yahboomcar_description' returned '0': PYTHONPATH=/home/devpatel/crowd_nav_ws/build/yahboomcar_description/prefix_override:/home/devpatel/.local/lib/python3.10/site-packages/colcon_core/task/python/colcon_distutils_commands:/home/devpatel/crowd_nav_ws/install/yahboomcar_description/lib/python3.10/site-packages:${PYTHONPATH} /usr/bin/python3 -W ignore:setup.py install is deprecated -W ignore:easy_install command is deprecated setup.py develop --editable --build-directory /home/devpatel/crowd_nav_ws/build/yahboomcar_description/build --no-deps symlink_data
[7.562s] INFO:colcon.colcon_core.shell:Creating environment descriptor '/home/devpatel/crowd_nav_ws/build/yahboomcar_description/share/yahboomcar_description/hook/pythonpath_develop.dsv'
[7.564s] INFO:colcon.colcon_core.shell:Creating environment hook '/home/devpatel/crowd_nav_ws/build/yahboomcar_description/share/yahboomcar_description/hook/pythonpath_develop.sh'
[7.578s] Level 1:colcon.colcon_core.environment:checking '/home/devpatel/crowd_nav_ws/install/yahboomcar_description' for CMake module files
[7.580s] Level 1:colcon.colcon_core.environment:checking '/home/devpatel/crowd_nav_ws/install/yahboomcar_description' for CMake config files
[7.583s] Level 1:colcon.colcon_core.environment:checking '/home/devpatel/crowd_nav_ws/install/yahboomcar_description/lib'
[7.585s] Level 1:colcon.colcon_core.environment:checking '/home/devpatel/crowd_nav_ws/install/yahboomcar_description/bin'
[7.585s] Level 1:colcon.colcon_core.environment:checking '/home/devpatel/crowd_nav_ws/install/yahboomcar_description/lib/pkgconfig/yahboomcar_description.pc'
[7.586s] Level 1:colcon.colcon_core.environment:checking '/home/devpatel/crowd_nav_ws/install/yahboomcar_description/lib/python3.10/site-packages'
[7.587s] Level 1:colcon.colcon_core.shell:create_environment_hook('yahboomcar_description', 'pythonpath')
[7.588s] INFO:colcon.colcon_core.shell:Creating environment hook '/home/devpatel/crowd_nav_ws/install/yahboomcar_description/share/yahboomcar_description/hook/pythonpath.ps1'
[7.591s] INFO:colcon.colcon_core.shell:Creating environment descriptor '/home/devpatel/crowd_nav_ws/install/yahboomcar_description/share/yahboomcar_description/hook/pythonpath.dsv'
[7.594s] INFO:colcon.colcon_core.shell:Creating environment hook '/home/devpatel/crowd_nav_ws/install/yahboomcar_description/share/yahboomcar_description/hook/pythonpath.sh'
[7.601s] Level 1:colcon.colcon_core.environment:checking '/home/devpatel/crowd_nav_ws/install/yahboomcar_description/bin'
[7.601s] Level 1:colcon.colcon_core.environment:create_environment_scripts_only(yahboomcar_description)
[7.603s] INFO:colcon.colcon_core.shell:Creating package script '/home/devpatel/crowd_nav_ws/install/yahboomcar_description/share/yahboomcar_description/package.ps1'
[7.606s] INFO:colcon.colcon_core.shell:Creating package descriptor '/home/devpatel/crowd_nav_ws/install/yahboomcar_description/share/yahboomcar_description/package.dsv'
[7.609s] INFO:colcon.colcon_core.shell:Creating package script '/home/devpatel/crowd_nav_ws/install/yahboomcar_description/share/yahboomcar_description/package.sh'
[7.611s] INFO:colcon.colcon_core.shell:Creating package script '/home/devpatel/crowd_nav_ws/install/yahboomcar_description/share/yahboomcar_description/package.bash'
[7.614s] INFO:colcon.colcon_core.shell:Creating package script '/home/devpatel/crowd_nav_ws/install/yahboomcar_description/share/yahboomcar_description/package.zsh'
[7.617s] Level 1:colcon.colcon_core.environment:create_file_with_runtime_dependencies(/home/devpatel/crowd_nav_ws/install/yahboomcar_description/share/colcon-core/packages/yahboomcar_description)
[7.817s] Level 1:colcon.colcon_core.shell:create_environment_hook('pybullet_sim', 'pythonpath_develop')
[7.818s] INFO:colcon.colcon_core.shell:Creating environment hook '/home/devpatel/crowd_nav_ws/build/pybullet_sim/share/pybullet_sim/hook/pythonpath_develop.ps1'
[7.822s] DEBUG:colcon.colcon_core.event_handler.log_command:Invoked command in '/home/devpatel/crowd_nav_ws/build/pybullet_sim' returned '0': PYTHONPATH=/home/devpatel/crowd_nav_ws/build/pybullet_sim/prefix_override:/home/devpatel/.local/lib/python3.10/site-packages/colcon_core/task/python/colcon_distutils_commands:/home/devpatel/crowd_nav_ws/install/pybullet_sim/lib/python3.10/site-packages:${PYTHONPATH} /usr/bin/python3 -W ignore:setup.py install is deprecated -W ignore:easy_install command is deprecated setup.py develop --editable --build-directory /home/devpatel/crowd_nav_ws/build/pybullet_sim/build --no-deps symlink_data
[7.823s] INFO:colcon.colcon_core.shell:Creating environment descriptor '/home/devpatel/crowd_nav_ws/build/pybullet_sim/share/pybullet_sim/hook/pythonpath_develop.dsv'
[7.824s] INFO:colcon.colcon_core.shell:Creating environment hook '/home/devpatel/crowd_nav_ws/build/pybullet_sim/share/pybullet_sim/hook/pythonpath_develop.sh'
[7.827s] Level 1:colcon.colcon_core.environment:checking '/home/devpatel/crowd_nav_ws/install/pybullet_sim' for CMake module files
[7.829s] Level 1:colcon.colcon_core.environment:checking '/home/devpatel/crowd_nav_ws/install/pybullet_sim' for CMake config files
[7.831s] Level 1:colcon.colcon_core.environment:checking '/home/devpatel/crowd_nav_ws/install/pybullet_sim/lib'
[7.831s] Level 1:colcon.colcon_core.environment:checking '/home/devpatel/crowd_nav_ws/install/pybullet_sim/bin'
[7.832s] Level 1:colcon.colcon_core.environment:checking '/home/devpatel/crowd_nav_ws/install/pybullet_sim/lib/pkgconfig/pybullet_sim.pc'
[7.833s] Level 1:colcon.colcon_core.environment:checking '/home/devpatel/crowd_nav_ws/install/pybullet_sim/lib/python3.10/site-packages'
[7.834s] Level 1:colcon.colcon_core.shell:create_environment_hook('pybullet_sim', 'pythonpath')
[7.834s] INFO:colcon.colcon_core.shell:Creating environment hook '/home/devpatel/crowd_nav_ws/install/pybullet_sim/share/pybullet_sim/hook/pythonpath.ps1'
[7.838s] INFO:colcon.colcon_core.shell:Creating environment descriptor '/home/devpatel/crowd_nav_ws/install/pybullet_sim/share/pybullet_sim/hook/pythonpath.dsv'
[7.840s] INFO:colcon.colcon_core.shell:Creating environment hook '/home/devpatel/crowd_nav_ws/install/pybullet_sim/share/pybullet_sim/hook/pythonpath.sh'
[7.842s] Level 1:colcon.colcon_core.environment:checking '/home/devpatel/crowd_nav_ws/install/pybullet_sim/bin'
[7.843s] Level 1:colcon.colcon_core.environment:create_environment_scripts_only(pybullet_sim)
[7.844s] INFO:colcon.colcon_core.shell:Creating package script '/home/devpatel/crowd_nav_ws/install/pybullet_sim/share/pybullet_sim/package.ps1'
[7.847s] INFO:colcon.colcon_core.shell:Creating package descriptor '/home/devpatel/crowd_nav_ws/install/pybullet_sim/share/pybullet_sim/package.dsv'
[7.849s] INFO:colcon.colcon_core.shell:Creating package script '/home/devpatel/crowd_nav_ws/install/pybullet_sim/share/pybullet_sim/package.sh'
[7.851s] INFO:colcon.colcon_core.shell:Creating package script '/home/devpatel/crowd_nav_ws/install/pybullet_sim/share/pybullet_sim/package.bash'
[7.853s] INFO:colcon.colcon_core.shell:Creating package script '/home/devpatel/crowd_nav_ws/install/pybullet_sim/share/pybullet_sim/package.zsh'
[7.855s] Level 1:colcon.colcon_core.environment:create_file_with_runtime_dependencies(/home/devpatel/crowd_nav_ws/install/pybullet_sim/share/colcon-core/packages/pybullet_sim)
[7.860s] DEBUG:colcon.colcon_parallel_executor.executor.parallel:closing loop
[7.860s] DEBUG:colcon.colcon_parallel_executor.executor.parallel:loop closed
[7.861s] DEBUG:colcon.colcon_parallel_executor.executor.parallel:run_until_complete finished with '0'
[7.862s] DEBUG:colcon.colcon_core.event_reactor:joining thread
[7.889s] INFO:colcon.colcon_core.plugin_system:Skipping extension 'colcon_notification.desktop_notification.terminal_notifier': Not used on non-Darwin systems
[7.889s] INFO:colcon.colcon_core.plugin_system:Skipping extension 'colcon_notification.desktop_notification.win32': Not used on non-Windows systems
[7.890s] INFO:colcon.colcon_notification.desktop_notification:Sending desktop notification using 'notify2'
[7.957s] DEBUG:colcon.colcon_core.event_reactor:joined thread
[7.958s] INFO:colcon.colcon_core.shell:Creating prefix script '/home/devpatel/crowd_nav_ws/install/local_setup.ps1'
[7.969s] INFO:colcon.colcon_core.shell:Creating prefix util module '/home/devpatel/crowd_nav_ws/install/_local_setup_util_ps1.py'
[8.003s] INFO:colcon.colcon_core.shell:Creating prefix chain script '/home/devpatel/crowd_nav_ws/install/setup.ps1'
[8.025s] INFO:colcon.colcon_core.shell:Creating prefix script '/home/devpatel/crowd_nav_ws/install/local_setup.sh'
[8.034s] INFO:colcon.colcon_core.shell:Creating prefix util module '/home/devpatel/crowd_nav_ws/install/_local_setup_util_sh.py'
[8.062s] INFO:colcon.colcon_core.shell:Creating prefix chain script '/home/devpatel/crowd_nav_ws/install/setup.sh'
[8.073s] INFO:colcon.colcon_core.shell:Creating prefix script '/home/devpatel/crowd_nav_ws/install/local_setup.bash'
[8.076s] INFO:colcon.colcon_core.shell:Creating prefix chain script '/home/devpatel/crowd_nav_ws/install/setup.bash'
[8.086s] INFO:colcon.colcon_core.shell:Creating prefix script '/home/devpatel/crowd_nav_ws/install/local_setup.zsh'
[8.089s] INFO:colcon.colcon_core.shell:Creating prefix chain script '/home/devpatel/crowd_nav_ws/install/setup.zsh'
