[0.614s] DEBUG:colcon:Command line arguments: ['/home/devpatel/.local/bin/colcon', 'build', '--symlink-install']
[0.614s] DEBUG:colcon:Parsed command line arguments: Namespace(log_base=None, log_level=None, verb_name='build', build_base='build', install_base='install', merge_install=False, symlink_install=True, test_result_base=None, continue_on_error=False, executor='parallel', parallel_workers=4, event_handlers=None, ignore_user_meta=False, metas=['./colcon.meta'], base_paths=['.'], packages_ignore=None, packages_ignore_regex=None, paths=None, packages_up_to=None, packages_up_to_regex=None, packages_above=None, packages_above_and_dependencies=None, packages_above_depth=None, packages_select_by_dep=None, packages_skip_by_dep=None, packages_skip_up_to=None, packages_select_build_failed=False, packages_skip_build_finished=False, packages_select_test_failures=False, packages_skip_test_passed=False, packages_select=None, packages_skip=None, packages_select_regex=None, packages_skip_regex=None, packages_start=None, packages_end=None, allow_overriding=[], cmake_args=None, cmake_target=None, cmake_target_skip_unavailable=False, cmake_clean_cache=False, cmake_clean_first=False, cmake_force_configure=False, ament_cmake_args=None, catkin_cmake_args=None, catkin_skip_building_tests=False, verb_parser=<colcon_defaults.argument_parser.defaults.DefaultArgumentsDecorator object at 0xffffa9a23220>, verb_extension=<colcon_core.verb.build.BuildVerb object at 0xffffa9c14640>, main=<bound method BuildVerb.main of <colcon_core.verb.build.BuildVerb object at 0xffffa9c14640>>)
[1.206s] Level 1:colcon.colcon_core.package_discovery:discover_packages(colcon_meta) check parameters
[1.207s] Level 1:colcon.colcon_core.package_discovery:discover_packages(recursive) check parameters
[1.207s] Level 1:colcon.colcon_core.package_discovery:discover_packages(ignore) check parameters
[1.207s] Level 1:colcon.colcon_core.package_discovery:discover_packages(path) check parameters
[1.207s] Level 1:colcon.colcon_core.package_discovery:discover_packages(colcon_meta) discover
[1.208s] Level 1:colcon.colcon_core.package_discovery:discover_packages(recursive) discover
[1.208s] INFO:colcon.colcon_core.package_discovery:Crawling recursively for packages in '/home/devpatel/crowd_nav_ws'
[1.208s] Level 1:colcon.colcon_core.package_identification:_identify(.) by extensions ['ignore', 'ignore_ament_install']
[1.208s] Level 1:colcon.colcon_core.package_identification:_identify(.) by extension 'ignore'
[1.209s] Level 1:colcon.colcon_core.package_identification:_identify(.) by extension 'ignore_ament_install'
[1.209s] Level 1:colcon.colcon_core.package_identification:_identify(.) by extensions ['colcon_pkg']
[1.209s] Level 1:colcon.colcon_core.package_identification:_identify(.) by extension 'colcon_pkg'
[1.209s] Level 1:colcon.colcon_core.package_identification:_identify(.) by extensions ['colcon_meta']
[1.209s] Level 1:colcon.colcon_core.package_identification:_identify(.) by extension 'colcon_meta'
[1.209s] Level 1:colcon.colcon_core.package_identification:_identify(.) by extensions ['ros']
[1.210s] Level 1:colcon.colcon_core.package_identification:_identify(.) by extension 'ros'
[1.247s] Level 1:colcon.colcon_core.package_identification:_identify(.) by extensions ['cmake', 'python']
[1.247s] Level 1:colcon.colcon_core.package_identification:_identify(.) by extension 'cmake'
[1.247s] Level 1:colcon.colcon_core.package_identification:_identify(.) by extension 'python'
[1.248s] Level 1:colcon.colcon_core.package_identification:_identify(.) by extensions ['python_setup_py']
[1.248s] Level 1:colcon.colcon_core.package_identification:_identify(.) by extension 'python_setup_py'
[1.248s] Level 1:colcon.colcon_core.package_identification:_identify(build) by extensions ['ignore', 'ignore_ament_install']
[1.249s] Level 1:colcon.colcon_core.package_identification:_identify(build) by extension 'ignore'
[1.249s] Level 1:colcon.colcon_core.package_identification:_identify(build) ignored
[1.249s] Level 1:colcon.colcon_core.package_identification:_identify(install) by extensions ['ignore', 'ignore_ament_install']
[1.250s] Level 1:colcon.colcon_core.package_identification:_identify(install) by extension 'ignore'
[1.250s] Level 1:colcon.colcon_core.package_identification:_identify(install) ignored
[1.250s] Level 1:colcon.colcon_core.package_identification:_identify(log) by extensions ['ignore', 'ignore_ament_install']
[1.250s] Level 1:colcon.colcon_core.package_identification:_identify(log) by extension 'ignore'
[1.251s] Level 1:colcon.colcon_core.package_identification:_identify(log) ignored
[1.251s] Level 1:colcon.colcon_core.package_identification:_identify(src) by extensions ['ignore', 'ignore_ament_install']
[1.251s] Level 1:colcon.colcon_core.package_identification:_identify(src) by extension 'ignore'
[1.251s] Level 1:colcon.colcon_core.package_identification:_identify(src) by extension 'ignore_ament_install'
[1.251s] Level 1:colcon.colcon_core.package_identification:_identify(src) by extensions ['colcon_pkg']
[1.252s] Level 1:colcon.colcon_core.package_identification:_identify(src) by extension 'colcon_pkg'
[1.252s] Level 1:colcon.colcon_core.package_identification:_identify(src) by extensions ['colcon_meta']
[1.252s] Level 1:colcon.colcon_core.package_identification:_identify(src) by extension 'colcon_meta'
[1.252s] Level 1:colcon.colcon_core.package_identification:_identify(src) by extensions ['ros']
[1.252s] Level 1:colcon.colcon_core.package_identification:_identify(src) by extension 'ros'
[1.252s] Level 1:colcon.colcon_core.package_identification:_identify(src) by extensions ['cmake', 'python']
[1.252s] Level 1:colcon.colcon_core.package_identification:_identify(src) by extension 'cmake'
[1.253s] Level 1:colcon.colcon_core.package_identification:_identify(src) by extension 'python'
[1.253s] Level 1:colcon.colcon_core.package_identification:_identify(src) by extensions ['python_setup_py']
[1.253s] Level 1:colcon.colcon_core.package_identification:_identify(src) by extension 'python_setup_py'
[1.253s] Level 1:colcon.colcon_core.package_identification:_identify(src/pybullet_sim) by extensions ['ignore', 'ignore_ament_install']
[1.254s] Level 1:colcon.colcon_core.package_identification:_identify(src/pybullet_sim) by extension 'ignore'
[1.254s] Level 1:colcon.colcon_core.package_identification:_identify(src/pybullet_sim) by extension 'ignore_ament_install'
[1.254s] Level 1:colcon.colcon_core.package_identification:_identify(src/pybullet_sim) by extensions ['colcon_pkg']
[1.254s] Level 1:colcon.colcon_core.package_identification:_identify(src/pybullet_sim) by extension 'colcon_pkg'
[1.254s] Level 1:colcon.colcon_core.package_identification:_identify(src/pybullet_sim) by extensions ['colcon_meta']
[1.254s] Level 1:colcon.colcon_core.package_identification:_identify(src/pybullet_sim) by extension 'colcon_meta'
[1.254s] Level 1:colcon.colcon_core.package_identification:_identify(src/pybullet_sim) by extensions ['ros']
[1.255s] Level 1:colcon.colcon_core.package_identification:_identify(src/pybullet_sim) by extension 'ros'
[1.263s] DEBUG:colcon.colcon_core.package_identification:Package 'src/pybullet_sim' with type 'ros.ament_python' and name 'pybullet_sim'
[1.264s] Level 1:colcon.colcon_core.package_identification:_identify(src/yahboomcar_description) by extensions ['ignore', 'ignore_ament_install']
[1.264s] Level 1:colcon.colcon_core.package_identification:_identify(src/yahboomcar_description) by extension 'ignore'
[1.264s] Level 1:colcon.colcon_core.package_identification:_identify(src/yahboomcar_description) by extension 'ignore_ament_install'
[1.265s] Level 1:colcon.colcon_core.package_identification:_identify(src/yahboomcar_description) by extensions ['colcon_pkg']
[1.265s] Level 1:colcon.colcon_core.package_identification:_identify(src/yahboomcar_description) by extension 'colcon_pkg'
[1.265s] Level 1:colcon.colcon_core.package_identification:_identify(src/yahboomcar_description) by extensions ['colcon_meta']
[1.265s] Level 1:colcon.colcon_core.package_identification:_identify(src/yahboomcar_description) by extension 'colcon_meta'
[1.265s] Level 1:colcon.colcon_core.package_identification:_identify(src/yahboomcar_description) by extensions ['ros']
[1.265s] Level 1:colcon.colcon_core.package_identification:_identify(src/yahboomcar_description) by extension 'ros'
[1.267s] DEBUG:colcon.colcon_core.package_identification:Package 'src/yahboomcar_description' with type 'ros.ament_python' and name 'yahboomcar_description'
[1.267s] Level 1:colcon.colcon_core.package_discovery:discover_packages(recursive) using defaults
[1.268s] Level 1:colcon.colcon_core.package_discovery:discover_packages(ignore) discover
[1.268s] Level 1:colcon.colcon_core.package_discovery:discover_packages(ignore) using defaults
[1.268s] Level 1:colcon.colcon_core.package_discovery:discover_packages(path) discover
[1.268s] Level 1:colcon.colcon_core.package_discovery:discover_packages(path) using defaults
[1.363s] Level 1:colcon.colcon_core.package_discovery:discover_packages(prefix_path) check parameters
[1.363s] Level 1:colcon.colcon_core.package_discovery:discover_packages(prefix_path) discover
[1.383s] DEBUG:colcon.colcon_installed_package_information.package_discovery:Found 2 installed packages in /home/devpatel/crowd_nav_ws/install
[1.385s] DEBUG:colcon.colcon_installed_package_information.package_discovery:Found 4 installed packages in /home/devpatel/imu_ws/install
[1.389s] DEBUG:colcon.colcon_installed_package_information.package_discovery:Found 16 installed packages in /home/devpatel/yahboomcar_ros2_ws/yahboomcar_ws/install
[1.391s] DEBUG:colcon.colcon_installed_package_information.package_discovery:Found 4 installed packages in /home/devpatel/turtle_ws/install
[1.392s] DEBUG:colcon.colcon_installed_package_information.package_discovery:Found 2 installed packages in /home/devpatel/ros2_ws/install
[1.398s] DEBUG:colcon.colcon_installed_package_information.package_discovery:Found 379 installed packages in /opt/ros/humble
[1.448s] Level 1:colcon.colcon_core.package_discovery:discover_packages(prefix_path) using defaults
[1.697s] Level 5:colcon.colcon_core.verb:set package 'pybullet_sim' build argument 'cmake_args' from command line to 'None'
[1.697s] Level 5:colcon.colcon_core.verb:set package 'pybullet_sim' build argument 'cmake_target' from command line to 'None'
[1.698s] Level 5:colcon.colcon_core.verb:set package 'pybullet_sim' build argument 'cmake_target_skip_unavailable' from command line to 'False'
[1.698s] Level 5:colcon.colcon_core.verb:set package 'pybullet_sim' build argument 'cmake_clean_cache' from command line to 'False'
[1.698s] Level 5:colcon.colcon_core.verb:set package 'pybullet_sim' build argument 'cmake_clean_first' from command line to 'False'
[1.698s] Level 5:colcon.colcon_core.verb:set package 'pybullet_sim' build argument 'cmake_force_configure' from command line to 'False'
[1.698s] Level 5:colcon.colcon_core.verb:set package 'pybullet_sim' build argument 'ament_cmake_args' from command line to 'None'
[1.698s] Level 5:colcon.colcon_core.verb:set package 'pybullet_sim' build argument 'catkin_cmake_args' from command line to 'None'
[1.698s] Level 5:colcon.colcon_core.verb:set package 'pybullet_sim' build argument 'catkin_skip_building_tests' from command line to 'False'
[1.698s] DEBUG:colcon.colcon_core.verb:Building package 'pybullet_sim' with the following arguments: {'ament_cmake_args': None, 'build_base': '/home/devpatel/crowd_nav_ws/build/pybullet_sim', 'catkin_cmake_args': None, 'catkin_skip_building_tests': False, 'cmake_args': None, 'cmake_clean_cache': False, 'cmake_clean_first': False, 'cmake_force_configure': False, 'cmake_target': None, 'cmake_target_skip_unavailable': False, 'install_base': '/home/devpatel/crowd_nav_ws/install/pybullet_sim', 'merge_install': False, 'path': '/home/devpatel/crowd_nav_ws/src/pybullet_sim', 'symlink_install': True, 'test_result_base': None}
[1.699s] Level 5:colcon.colcon_core.verb:set package 'yahboomcar_description' build argument 'cmake_args' from command line to 'None'
[1.700s] Level 5:colcon.colcon_core.verb:set package 'yahboomcar_description' build argument 'cmake_target' from command line to 'None'
[1.700s] Level 5:colcon.colcon_core.verb:set package 'yahboomcar_description' build argument 'cmake_target_skip_unavailable' from command line to 'False'
[1.700s] Level 5:colcon.colcon_core.verb:set package 'yahboomcar_description' build argument 'cmake_clean_cache' from command line to 'False'
[1.700s] Level 5:colcon.colcon_core.verb:set package 'yahboomcar_description' build argument 'cmake_clean_first' from command line to 'False'
[1.700s] Level 5:colcon.colcon_core.verb:set package 'yahboomcar_description' build argument 'cmake_force_configure' from command line to 'False'
[1.700s] Level 5:colcon.colcon_core.verb:set package 'yahboomcar_description' build argument 'ament_cmake_args' from command line to 'None'
[1.700s] Level 5:colcon.colcon_core.verb:set package 'yahboomcar_description' build argument 'catkin_cmake_args' from command line to 'None'
[1.700s] Level 5:colcon.colcon_core.verb:set package 'yahboomcar_description' build argument 'catkin_skip_building_tests' from command line to 'False'
[1.700s] DEBUG:colcon.colcon_core.verb:Building package 'yahboomcar_description' with the following arguments: {'ament_cmake_args': None, 'build_base': '/home/devpatel/crowd_nav_ws/build/yahboomcar_description', 'catkin_cmake_args': None, 'catkin_skip_building_tests': False, 'cmake_args': None, 'cmake_clean_cache': False, 'cmake_clean_first': False, 'cmake_force_configure': False, 'cmake_target': None, 'cmake_target_skip_unavailable': False, 'install_base': '/home/devpatel/crowd_nav_ws/install/yahboomcar_description', 'merge_install': False, 'path': '/home/devpatel/crowd_nav_ws/src/yahboomcar_description', 'symlink_install': True, 'test_result_base': None}
[1.701s] INFO:colcon.colcon_core.executor:Executing jobs using 'parallel' executor
[1.704s] DEBUG:colcon.colcon_parallel_executor.executor.parallel:run_until_complete
[1.705s] INFO:colcon.colcon_ros.task.ament_python.build:Building ROS package in '/home/devpatel/crowd_nav_ws/src/pybullet_sim' with build type 'ament_python'
[1.705s] Level 1:colcon.colcon_core.shell:create_environment_hook('pybullet_sim', 'ament_prefix_path')
[1.719s] INFO:colcon.colcon_core.plugin_system:Skipping extension 'colcon_core.shell.bat': Not used on non-Windows systems
[1.720s] INFO:colcon.colcon_core.shell:Creating environment hook '/home/devpatel/crowd_nav_ws/install/pybullet_sim/share/pybullet_sim/hook/ament_prefix_path.ps1'
[1.724s] INFO:colcon.colcon_core.shell:Creating environment descriptor '/home/devpatel/crowd_nav_ws/install/pybullet_sim/share/pybullet_sim/hook/ament_prefix_path.dsv'
[1.727s] INFO:colcon.colcon_core.shell:Creating environment hook '/home/devpatel/crowd_nav_ws/install/pybullet_sim/share/pybullet_sim/hook/ament_prefix_path.sh'
[1.730s] INFO:colcon.colcon_core.shell:Skip shell extension 'powershell' for command environment: Not usable outside of PowerShell
[1.730s] DEBUG:colcon.colcon_core.shell:Skip shell extension 'dsv' for command environment
[1.752s] INFO:colcon.colcon_ros.task.ament_python.build:Building ROS package in '/home/devpatel/crowd_nav_ws/src/yahboomcar_description' with build type 'ament_python'
[1.753s] Level 1:colcon.colcon_core.shell:create_environment_hook('yahboomcar_description', 'ament_prefix_path')
[1.753s] INFO:colcon.colcon_core.shell:Creating environment hook '/home/devpatel/crowd_nav_ws/install/yahboomcar_description/share/yahboomcar_description/hook/ament_prefix_path.ps1'
[1.755s] INFO:colcon.colcon_core.shell:Creating environment descriptor '/home/devpatel/crowd_nav_ws/install/yahboomcar_description/share/yahboomcar_description/hook/ament_prefix_path.dsv'
[1.757s] INFO:colcon.colcon_core.shell:Creating environment hook '/home/devpatel/crowd_nav_ws/install/yahboomcar_description/share/yahboomcar_description/hook/ament_prefix_path.sh'
[1.760s] INFO:colcon.colcon_core.shell:Skip shell extension 'powershell' for command environment: Not usable outside of PowerShell
[1.761s] DEBUG:colcon.colcon_core.shell:Skip shell extension 'dsv' for command environment
[2.787s] INFO:colcon.colcon_core.task.python.build:Building Python package in '/home/devpatel/crowd_nav_ws/src/pybullet_sim'
[2.788s] INFO:colcon.colcon_core.shell:Skip shell extension 'powershell' for command environment: Not usable outside of PowerShell
[2.788s] DEBUG:colcon.colcon_core.shell:Skip shell extension 'dsv' for command environment
[3.808s] INFO:colcon.colcon_core.task.python.build:Building Python package in '/home/devpatel/crowd_nav_ws/src/yahboomcar_description'
[3.812s] INFO:colcon.colcon_core.shell:Skip shell extension 'powershell' for command environment: Not usable outside of PowerShell
[3.812s] DEBUG:colcon.colcon_core.shell:Skip shell extension 'dsv' for command environment
[5.883s] DEBUG:colcon.colcon_core.event_handler.log_command:Invoking command in '/home/devpatel/crowd_nav_ws/build/yahboomcar_description': PYTHONPATH=/home/devpatel/crowd_nav_ws/build/yahboomcar_description/prefix_override:/home/devpatel/.local/lib/python3.10/site-packages/colcon_core/task/python/colcon_distutils_commands:/home/devpatel/crowd_nav_ws/install/yahboomcar_description/lib/python3.10/site-packages:${PYTHONPATH} /usr/bin/python3 -W ignore:setup.py install is deprecated -W ignore:easy_install command is deprecated setup.py develop --editable --build-directory /home/devpatel/crowd_nav_ws/build/yahboomcar_description/build --no-deps symlink_data
[5.903s] DEBUG:colcon.colcon_core.event_handler.log_command:Invoking command in '/home/devpatel/crowd_nav_ws/build/pybullet_sim': PYTHONPATH=/home/devpatel/crowd_nav_ws/build/pybullet_sim/prefix_override:/home/devpatel/.local/lib/python3.10/site-packages/colcon_core/task/python/colcon_distutils_commands:/home/devpatel/crowd_nav_ws/install/pybullet_sim/lib/python3.10/site-packages:${PYTHONPATH} /usr/bin/python3 -W ignore:setup.py install is deprecated -W ignore:easy_install command is deprecated setup.py develop --editable --build-directory /home/devpatel/crowd_nav_ws/build/pybullet_sim/build --no-deps symlink_data
[7.827s] Level 1:colcon.colcon_core.shell:create_environment_hook('pybullet_sim', 'pythonpath_develop')
[7.829s] INFO:colcon.colcon_core.shell:Creating environment hook '/home/devpatel/crowd_nav_ws/build/pybullet_sim/share/pybullet_sim/hook/pythonpath_develop.ps1'
[7.830s] DEBUG:colcon.colcon_core.event_handler.log_command:Invoked command in '/home/devpatel/crowd_nav_ws/build/pybullet_sim' returned '0': PYTHONPATH=/home/devpatel/crowd_nav_ws/build/pybullet_sim/prefix_override:/home/devpatel/.local/lib/python3.10/site-packages/colcon_core/task/python/colcon_distutils_commands:/home/devpatel/crowd_nav_ws/install/pybullet_sim/lib/python3.10/site-packages:${PYTHONPATH} /usr/bin/python3 -W ignore:setup.py install is deprecated -W ignore:easy_install command is deprecated setup.py develop --editable --build-directory /home/devpatel/crowd_nav_ws/build/pybullet_sim/build --no-deps symlink_data
[7.840s] INFO:colcon.colcon_core.shell:Creating environment descriptor '/home/devpatel/crowd_nav_ws/build/pybullet_sim/share/pybullet_sim/hook/pythonpath_develop.dsv'
[7.846s] INFO:colcon.colcon_core.shell:Creating environment hook '/home/devpatel/crowd_nav_ws/build/pybullet_sim/share/pybullet_sim/hook/pythonpath_develop.sh'
[7.889s] Level 1:colcon.colcon_core.environment:checking '/home/devpatel/crowd_nav_ws/install/pybullet_sim' for CMake module files
[7.891s] Level 1:colcon.colcon_core.environment:checking '/home/devpatel/crowd_nav_ws/install/pybullet_sim' for CMake config files
[7.897s] Level 1:colcon.colcon_core.environment:checking '/home/devpatel/crowd_nav_ws/install/pybullet_sim/lib'
[7.899s] Level 1:colcon.colcon_core.environment:checking '/home/devpatel/crowd_nav_ws/install/pybullet_sim/bin'
[7.899s] Level 1:colcon.colcon_core.environment:checking '/home/devpatel/crowd_nav_ws/install/pybullet_sim/lib/pkgconfig/pybullet_sim.pc'
[7.900s] Level 1:colcon.colcon_core.environment:checking '/home/devpatel/crowd_nav_ws/install/pybullet_sim/lib/python3.10/site-packages'
[7.901s] Level 1:colcon.colcon_core.shell:create_environment_hook('pybullet_sim', 'pythonpath')
[7.902s] INFO:colcon.colcon_core.shell:Creating environment hook '/home/devpatel/crowd_nav_ws/install/pybullet_sim/share/pybullet_sim/hook/pythonpath.ps1'
[7.907s] INFO:colcon.colcon_core.shell:Creating environment descriptor '/home/devpatel/crowd_nav_ws/install/pybullet_sim/share/pybullet_sim/hook/pythonpath.dsv'
[7.908s] INFO:colcon.colcon_core.shell:Creating environment hook '/home/devpatel/crowd_nav_ws/install/pybullet_sim/share/pybullet_sim/hook/pythonpath.sh'
[7.910s] Level 1:colcon.colcon_core.environment:checking '/home/devpatel/crowd_nav_ws/install/pybullet_sim/bin'
[7.910s] Level 1:colcon.colcon_core.environment:create_environment_scripts_only(pybullet_sim)
[7.911s] INFO:colcon.colcon_core.shell:Creating package script '/home/devpatel/crowd_nav_ws/install/pybullet_sim/share/pybullet_sim/package.ps1'
[7.915s] INFO:colcon.colcon_core.shell:Creating package descriptor '/home/devpatel/crowd_nav_ws/install/pybullet_sim/share/pybullet_sim/package.dsv'
[7.919s] INFO:colcon.colcon_core.shell:Creating package script '/home/devpatel/crowd_nav_ws/install/pybullet_sim/share/pybullet_sim/package.sh'
[7.923s] INFO:colcon.colcon_core.shell:Creating package script '/home/devpatel/crowd_nav_ws/install/pybullet_sim/share/pybullet_sim/package.bash'
[7.927s] INFO:colcon.colcon_core.shell:Creating package script '/home/devpatel/crowd_nav_ws/install/pybullet_sim/share/pybullet_sim/package.zsh'
[7.933s] Level 1:colcon.colcon_core.environment:create_file_with_runtime_dependencies(/home/devpatel/crowd_nav_ws/install/pybullet_sim/share/colcon-core/packages/pybullet_sim)
[7.937s] Level 1:colcon.colcon_core.shell:create_environment_hook('yahboomcar_description', 'pythonpath_develop')
[7.938s] INFO:colcon.colcon_core.shell:Creating environment hook '/home/devpatel/crowd_nav_ws/build/yahboomcar_description/share/yahboomcar_description/hook/pythonpath_develop.ps1'
[7.941s] DEBUG:colcon.colcon_core.event_handler.log_command:Invoked command in '/home/devpatel/crowd_nav_ws/build/yahboomcar_description' returned '0': PYTHONPATH=/home/devpatel/crowd_nav_ws/build/yahboomcar_description/prefix_override:/home/devpatel/.local/lib/python3.10/site-packages/colcon_core/task/python/colcon_distutils_commands:/home/devpatel/crowd_nav_ws/install/yahboomcar_description/lib/python3.10/site-packages:${PYTHONPATH} /usr/bin/python3 -W ignore:setup.py install is deprecated -W ignore:easy_install command is deprecated setup.py develop --editable --build-directory /home/devpatel/crowd_nav_ws/build/yahboomcar_description/build --no-deps symlink_data
[7.941s] INFO:colcon.colcon_core.shell:Creating environment descriptor '/home/devpatel/crowd_nav_ws/build/yahboomcar_description/share/yahboomcar_description/hook/pythonpath_develop.dsv'
[7.943s] INFO:colcon.colcon_core.shell:Creating environment hook '/home/devpatel/crowd_nav_ws/build/yahboomcar_description/share/yahboomcar_description/hook/pythonpath_develop.sh'
[7.945s] Level 1:colcon.colcon_core.environment:checking '/home/devpatel/crowd_nav_ws/install/yahboomcar_description' for CMake module files
[7.947s] Level 1:colcon.colcon_core.environment:checking '/home/devpatel/crowd_nav_ws/install/yahboomcar_description' for CMake config files
[7.949s] Level 1:colcon.colcon_core.environment:checking '/home/devpatel/crowd_nav_ws/install/yahboomcar_description/lib'
[7.949s] Level 1:colcon.colcon_core.environment:checking '/home/devpatel/crowd_nav_ws/install/yahboomcar_description/bin'
[7.950s] Level 1:colcon.colcon_core.environment:checking '/home/devpatel/crowd_nav_ws/install/yahboomcar_description/lib/pkgconfig/yahboomcar_description.pc'
[7.951s] Level 1:colcon.colcon_core.environment:checking '/home/devpatel/crowd_nav_ws/install/yahboomcar_description/lib/python3.10/site-packages'
[7.951s] Level 1:colcon.colcon_core.shell:create_environment_hook('yahboomcar_description', 'pythonpath')
[7.952s] INFO:colcon.colcon_core.shell:Creating environment hook '/home/devpatel/crowd_nav_ws/install/yahboomcar_description/share/yahboomcar_description/hook/pythonpath.ps1'
[7.953s] INFO:colcon.colcon_core.shell:Creating environment descriptor '/home/devpatel/crowd_nav_ws/install/yahboomcar_description/share/yahboomcar_description/hook/pythonpath.dsv'
[7.955s] INFO:colcon.colcon_core.shell:Creating environment hook '/home/devpatel/crowd_nav_ws/install/yahboomcar_description/share/yahboomcar_description/hook/pythonpath.sh'
[7.956s] Level 1:colcon.colcon_core.environment:checking '/home/devpatel/crowd_nav_ws/install/yahboomcar_description/bin'
[7.957s] Level 1:colcon.colcon_core.environment:create_environment_scripts_only(yahboomcar_description)
[7.958s] INFO:colcon.colcon_core.shell:Creating package script '/home/devpatel/crowd_nav_ws/install/yahboomcar_description/share/yahboomcar_description/package.ps1'
[7.960s] INFO:colcon.colcon_core.shell:Creating package descriptor '/home/devpatel/crowd_nav_ws/install/yahboomcar_description/share/yahboomcar_description/package.dsv'
[7.965s] INFO:colcon.colcon_core.shell:Creating package script '/home/devpatel/crowd_nav_ws/install/yahboomcar_description/share/yahboomcar_description/package.sh'
[7.967s] INFO:colcon.colcon_core.shell:Creating package script '/home/devpatel/crowd_nav_ws/install/yahboomcar_description/share/yahboomcar_description/package.bash'
[7.968s] INFO:colcon.colcon_core.shell:Creating package script '/home/devpatel/crowd_nav_ws/install/yahboomcar_description/share/yahboomcar_description/package.zsh'
[7.969s] Level 1:colcon.colcon_core.environment:create_file_with_runtime_dependencies(/home/devpatel/crowd_nav_ws/install/yahboomcar_description/share/colcon-core/packages/yahboomcar_description)
[7.970s] DEBUG:colcon.colcon_parallel_executor.executor.parallel:closing loop
[7.971s] DEBUG:colcon.colcon_parallel_executor.executor.parallel:loop closed
[7.972s] DEBUG:colcon.colcon_parallel_executor.executor.parallel:run_until_complete finished with '0'
[7.973s] DEBUG:colcon.colcon_core.event_reactor:joining thread
[7.997s] INFO:colcon.colcon_core.plugin_system:Skipping extension 'colcon_notification.desktop_notification.terminal_notifier': Not used on non-Darwin systems
[7.997s] INFO:colcon.colcon_core.plugin_system:Skipping extension 'colcon_notification.desktop_notification.win32': Not used on non-Windows systems
[7.997s] INFO:colcon.colcon_notification.desktop_notification:Sending desktop notification using 'notify2'
[8.044s] DEBUG:colcon.colcon_core.event_reactor:joined thread
[8.045s] INFO:colcon.colcon_core.shell:Creating prefix script '/home/devpatel/crowd_nav_ws/install/local_setup.ps1'
[8.051s] INFO:colcon.colcon_core.shell:Creating prefix util module '/home/devpatel/crowd_nav_ws/install/_local_setup_util_ps1.py'
[8.058s] INFO:colcon.colcon_core.shell:Creating prefix chain script '/home/devpatel/crowd_nav_ws/install/setup.ps1'
[8.067s] INFO:colcon.colcon_core.shell:Creating prefix script '/home/devpatel/crowd_nav_ws/install/local_setup.sh'
[8.070s] INFO:colcon.colcon_core.shell:Creating prefix util module '/home/devpatel/crowd_nav_ws/install/_local_setup_util_sh.py'
[8.073s] INFO:colcon.colcon_core.shell:Creating prefix chain script '/home/devpatel/crowd_nav_ws/install/setup.sh'
[8.081s] INFO:colcon.colcon_core.shell:Creating prefix script '/home/devpatel/crowd_nav_ws/install/local_setup.bash'
[8.084s] INFO:colcon.colcon_core.shell:Creating prefix chain script '/home/devpatel/crowd_nav_ws/install/setup.bash'
[8.104s] INFO:colcon.colcon_core.shell:Creating prefix script '/home/devpatel/crowd_nav_ws/install/local_setup.zsh'
[8.107s] INFO:colcon.colcon_core.shell:Creating prefix chain script '/home/devpatel/crowd_nav_ws/install/setup.zsh'
